2019-02-28 21:48:53,408-BrowserEngine-INFO-选择浏览器：Chrome
2019-02-28 21:48:53,409-BrowserEngine-INFO-地址：http://127.0.0.1/forum.php/
2019-02-28 21:49:00,595-BrowserEngine-INFO-打开Chrome浏览器
2019-02-28 21:49:07,710-BrowserEngine-INFO-打开网址
2019-02-28 21:49:14,165-BasePage-INFO-find the element,successful
2019-02-28 21:49:15,416-BasePage-ERROR-error:Message: stale element reference: element is not attached to the page document
  (Session info: chrome=72.0.3626.109)
  (Driver info: chromedriver=73.0.3683.20 (8e2b610813e167eee3619ac4ce6e42e3ec622017),platform=Windows NT 10.0.17134 x86_64)

2019-02-28 21:49:15,732-BasePage-INFO-success:/screenshots
2019-02-28 21:49:16,790-BasePage-INFO-find the element,successful
2019-02-28 21:49:17,887-BasePage-ERROR-error:Message: stale element reference: element is not attached to the page document
  (Session info: chrome=72.0.3626.109)
  (Driver info: chromedriver=73.0.3683.20 (8e2b610813e167eee3619ac4ce6e42e3ec622017),platform=Windows NT 10.0.17134 x86_64)

2019-02-28 21:49:18,202-BasePage-INFO-success:/screenshots
2019-02-28 21:49:21,244-BasePage-INFO-find the element,successful
2019-02-28 21:49:21,676-BasePage-INFO-wqqwqqqqq
2019-02-28 21:49:21,746-BasePage-INFO-find the element,successful
2019-02-28 21:49:22,006-BasePage-INFO-ggggggggggg
2019-02-28 21:49:23,067-BasePage-INFO-find the element,successful
2019-02-28 21:49:23,322-BasePage-INFO-click the element发表帖子
2019-02-28 21:49:28,376-BasePage-INFO-find the element,successful
2019-02-28 21:49:28,831-BasePage-INFO-qqqqqqqqqqqqqqqqqqqqqq
2019-02-28 21:49:28,886-BasePage-INFO-find the element,successful
2019-02-28 21:49:29,598-BasePage-INFO-click the element发表回复
2019-02-28 21:49:30,232-BrowserEngine-INFO-退出浏览器
2019-02-28 21:49:32,748-BrowserEngine-INFO-选择浏览器：Chrome
2019-02-28 21:49:32,748-BrowserEngine-INFO-地址：http://127.0.0.1/forum.php/
2019-02-28 21:49:39,020-BrowserEngine-INFO-打开Chrome浏览器
2019-02-28 21:49:40,380-BrowserEngine-INFO-打开网址
2019-02-28 21:49:44,965-BasePage-INFO-find the element,successful
2019-02-28 21:49:45,978-BasePage-ERROR-error:Message: stale element reference: element is not attached to the page document
  (Session info: chrome=72.0.3626.109)
  (Driver info: chromedriver=73.0.3683.20 (8e2b610813e167eee3619ac4ce6e42e3ec622017),platform=Windows NT 10.0.17134 x86_64)

2019-02-28 21:49:46,296-BasePage-INFO-success:/screenshots
2019-02-28 21:49:46,343-BasePage-INFO-find the element,successful
2019-02-28 21:49:46,479-BasePage-INFO-click the element
2019-02-28 21:49:46,755-BasePage-INFO-find the element,successful
2019-02-28 21:49:47,301-BasePage-INFO-click the element删除
2019-02-28 21:49:47,349-BasePage-INFO-find the element,successful
2019-02-28 21:49:48,389-BasePage-ERROR-error:Message: stale element reference: element is not attached to the page document
  (Session info: chrome=72.0.3626.109)
  (Driver info: chromedriver=73.0.3683.20 (8e2b610813e167eee3619ac4ce6e42e3ec622017),platform=Windows NT 10.0.17134 x86_64)

2019-02-28 21:49:48,765-BasePage-INFO-success:/screenshots
2019-02-28 21:49:48,839-BasePage-INFO-find the element,successful
2019-02-28 21:49:49,114-BasePage-INFO-click the element管理中心
2019-02-28 21:49:55,230-BasePage-INFO-find the element,successful
2019-02-28 21:49:55,377-BasePage-INFO-click the element论坛
2019-02-28 21:49:55,820-BasePage-INFO-find the element,successful
2019-02-28 21:49:56,064-BasePage-INFO-click the element添加新版块
2019-02-28 21:49:56,110-BasePage-INFO-find the element,successful
2019-02-28 21:49:56,573-BasePage-ERROR-error:Message: stale element reference: element is not attached to the page document
  (Session info: chrome=72.0.3626.109)
  (Driver info: chromedriver=73.0.3683.20 (8e2b610813e167eee3619ac4ce6e42e3ec622017),platform=Windows NT 10.0.17134 x86_64)

2019-02-28 21:49:56,882-BasePage-INFO-success:/screenshots
2019-02-28 21:50:21,958-BasePage-ERROR-<pageobject.home_two.Delete object at 0x000001F1F8884C88>页未找到('link text', '新版块名称')元素：
2019-02-28 21:50:22,244-BasePage-INFO-success:/screenshots
2019-02-28 21:50:22,245-BasePage-ERROR-error:'NoneType' object has no attribute 'click'
2019-02-28 21:50:22,567-BasePage-INFO-success:/screenshots
2019-02-28 21:50:22,606-BasePage-INFO-find the element,successful
2019-02-28 21:50:22,945-BasePage-INFO-1111111111
2019-02-28 21:50:23,002-BasePage-INFO-find the element,successful
2019-02-28 21:50:23,510-BasePage-INFO-2222222222222222222222222
2019-02-28 21:50:23,559-BasePage-INFO-find the element,successful
2019-02-28 21:50:35,672-BasePage-ERROR-error:Message: stale element reference: element is not attached to the page document
  (Session info: chrome=72.0.3626.109)
  (Driver info: chromedriver=73.0.3683.20 (8e2b610813e167eee3619ac4ce6e42e3ec622017),platform=Windows NT 10.0.17134 x86_64)

2019-02-28 21:50:35,982-BasePage-INFO-success:/screenshots
2019-02-28 21:50:38,016-BasePage-INFO-find the element,successful
2019-02-28 21:50:38,425-BasePage-INFO-33333333333333333
2019-02-28 21:50:38,470-BasePage-INFO-find the element,successful
2019-02-28 21:50:39,172-BasePage-INFO-click the element发表回复
2019-02-28 21:50:41,453-BrowserEngine-INFO-退出浏览器
2019-02-28 21:50:43,980-BrowserEngine-INFO-选择浏览器：Chrome
2019-02-28 21:50:43,980-BrowserEngine-INFO-地址：http://127.0.0.1/forum.php/
2019-02-28 21:50:50,274-BrowserEngine-INFO-打开Chrome浏览器
2019-02-28 21:50:51,563-BrowserEngine-INFO-打开网址
2019-02-28 21:50:55,811-BasePage-INFO-find the element,successful
2019-02-28 21:50:55,977-BasePage-INFO-haotest
2019-02-28 21:50:56,051-BasePage-INFO-find the element,successful
2019-02-28 21:50:56,315-BasePage-INFO-click the element
2019-02-28 21:51:00,414-BasePage-INFO-find the element,successful
2019-02-28 21:51:00,458-BasePage-INFO-find haotest
2019-02-28 21:51:05,828-BrowserEngine-INFO-退出浏览器
2019-02-28 21:51:08,426-BrowserEngine-INFO-选择浏览器：Chrome
2019-02-28 21:51:08,426-BrowserEngine-INFO-地址：http://127.0.0.1/forum.php/
2019-02-28 21:51:14,868-BrowserEngine-INFO-打开Chrome浏览器
2019-02-28 21:51:16,389-BrowserEngine-INFO-打开网址
2019-02-28 21:51:23,940-BasePage-INFO-find the element,successful
2019-02-28 21:51:24,727-BasePage-ERROR-error:Message: stale element reference: element is not attached to the page document
  (Session info: chrome=72.0.3626.109)
  (Driver info: chromedriver=73.0.3683.20 (8e2b610813e167eee3619ac4ce6e42e3ec622017),platform=Windows NT 10.0.17134 x86_64)

2019-02-28 21:51:25,035-BasePage-INFO-success:/screenshots
2019-02-28 21:51:30,080-BasePage-INFO-find the element,successful
2019-02-28 21:51:32,590-BasePage-ERROR-error:Message: stale element reference: element is not attached to the page document
  (Session info: chrome=72.0.3626.109)
  (Driver info: chromedriver=73.0.3683.20 (8e2b610813e167eee3619ac4ce6e42e3ec622017),platform=Windows NT 10.0.17134 x86_64)

2019-02-28 21:51:33,151-BasePage-INFO-success:/screenshots
2019-02-28 21:51:33,268-BasePage-INFO-find the element,successful
2019-02-28 21:51:36,659-BasePage-ERROR-error:Message: stale element reference: element is not attached to the page document
  (Session info: chrome=72.0.3626.109)
  (Driver info: chromedriver=73.0.3683.20 (8e2b610813e167eee3619ac4ce6e42e3ec622017),platform=Windows NT 10.0.17134 x86_64)

2019-02-28 21:51:37,011-BasePage-INFO-success:/screenshots
2019-02-28 21:51:37,059-BasePage-INFO-find the element,successful
2019-02-28 21:51:37,518-BasePage-INFO-星期天是学习还是休息？
2019-02-28 21:51:42,568-BasePage-INFO-find the element,successful
2019-02-28 21:51:42,661-BasePage-INFO-学习
2019-02-28 21:51:42,707-BasePage-INFO-find the element,successful
2019-02-28 21:51:42,797-BasePage-INFO-休息
2019-02-28 21:51:42,841-BasePage-INFO-find the element,successful
2019-02-28 21:51:42,958-BasePage-INFO-劳逸结合
2019-02-28 21:51:45,000-BasePage-INFO-find the element,successful
2019-02-28 21:51:45,246-BasePage-INFO-click the element发起投票
2019-02-28 21:52:05,290-BasePage-INFO-find the element,successful
2019-02-28 21:52:05,329-BasePage-INFO-find 星期天是学习还是休息？
2019-02-28 21:52:05,370-BasePage-INFO-find the element,successful
2019-02-28 21:52:05,407-BasePage-INFO-find 1.  学习
2019-02-28 21:52:05,451-BasePage-INFO-find the element,successful
2019-02-28 21:52:05,490-BasePage-INFO-find 2.  休息
2019-02-28 21:52:05,538-BasePage-INFO-find the element,successful
2019-02-28 21:52:05,578-BasePage-INFO-find 3.  劳逸结合
2019-02-28 21:52:05,621-BasePage-INFO-find the element,successful
2019-02-28 21:52:05,662-BasePage-INFO-find 0.00% (0)
2019-02-28 21:52:05,708-BasePage-INFO-find the element,successful
2019-02-28 21:52:05,752-BasePage-INFO-find 0.00% (0)
2019-02-28 21:52:05,795-BasePage-INFO-find the element,successful
2019-02-28 21:52:05,836-BasePage-INFO-find 0.00% (0)
2019-02-28 21:52:10,837-BrowserEngine-INFO-退出浏览器
