2019-03-01 19:58:02,746-BrowserEngine-INFO-选择浏览器：Chrome
2019-03-01 19:58:02,747-BrowserEngine-INFO-地址：http://127.0.0.1/forum.php/
2019-03-01 19:58:09,833-BrowserEngine-INFO-打开Chrome浏览器
2019-03-01 19:58:11,390-BrowserEngine-INFO-打开网址
2019-03-01 19:58:17,995-BasePage-INFO-find the element,successful
2019-03-01 19:58:18,999-BasePage-ERROR-error:Message: stale element reference: element is not attached to the page document
  (Session info: chrome=72.0.3626.109)
  (Driver info: chromedriver=73.0.3683.20 (8e2b610813e167eee3619ac4ce6e42e3ec622017),platform=Windows NT 10.0.17134 x86_64)

2019-03-01 19:58:19,438-BasePage-INFO-success:/screenshots
2019-03-01 19:58:20,492-BasePage-INFO-find the element,successful
2019-03-01 19:58:21,776-BasePage-ERROR-error:Message: stale element reference: element is not attached to the page document
  (Session info: chrome=72.0.3626.109)
  (Driver info: chromedriver=73.0.3683.20 (8e2b610813e167eee3619ac4ce6e42e3ec622017),platform=Windows NT 10.0.17134 x86_64)

2019-03-01 19:58:22,289-BasePage-INFO-success:/screenshots
2019-03-01 19:58:25,334-BasePage-INFO-find the element,successful
2019-03-01 19:58:25,792-BasePage-INFO-wqqwqqqqq
2019-03-01 19:58:25,890-BasePage-INFO-find the element,successful
2019-03-01 19:58:26,234-BasePage-INFO-ggggggggggg
2019-03-01 19:58:27,288-BasePage-INFO-find the element,successful
2019-03-01 19:58:27,613-BasePage-INFO-click the element发表帖子
2019-03-01 19:58:32,672-BasePage-INFO-find the element,successful
2019-03-01 19:58:33,200-BasePage-INFO-qqqqqqqqqqqqqqqqqqqqqq
2019-03-01 19:58:33,253-BasePage-INFO-find the element,successful
2019-03-01 19:58:34,088-BasePage-INFO-click the element发表回复
2019-03-01 19:58:34,638-BrowserEngine-INFO-退出浏览器
2019-03-01 19:58:37,894-BrowserEngine-INFO-选择浏览器：Chrome
2019-03-01 19:58:37,895-BrowserEngine-INFO-地址：http://127.0.0.1/forum.php/
2019-03-01 19:58:45,031-BrowserEngine-INFO-打开Chrome浏览器
2019-03-01 19:58:46,991-BrowserEngine-INFO-打开网址
2019-03-01 19:58:54,409-BasePage-INFO-find the element,successful
2019-03-01 19:58:55,088-BasePage-ERROR-error:Message: stale element reference: element is not attached to the page document
  (Session info: chrome=72.0.3626.109)
  (Driver info: chromedriver=73.0.3683.20 (8e2b610813e167eee3619ac4ce6e42e3ec622017),platform=Windows NT 10.0.17134 x86_64)

2019-03-01 19:58:55,532-BasePage-INFO-success:/screenshots
2019-03-01 19:59:00,578-BasePage-INFO-find the element,successful
2019-03-01 19:59:01,381-BasePage-ERROR-error:Message: stale element reference: element is not attached to the page document
  (Session info: chrome=72.0.3626.109)
  (Driver info: chromedriver=73.0.3683.20 (8e2b610813e167eee3619ac4ce6e42e3ec622017),platform=Windows NT 10.0.17134 x86_64)

2019-03-01 19:59:01,829-BasePage-INFO-success:/screenshots
2019-03-01 19:59:01,877-BasePage-INFO-find the element,successful
2019-03-01 19:59:02,892-BasePage-ERROR-error:Message: stale element reference: element is not attached to the page document
  (Session info: chrome=72.0.3626.109)
  (Driver info: chromedriver=73.0.3683.20 (8e2b610813e167eee3619ac4ce6e42e3ec622017),platform=Windows NT 10.0.17134 x86_64)

2019-03-01 19:59:03,201-BasePage-INFO-success:/screenshots
2019-03-01 19:59:03,248-BasePage-INFO-find the element,successful
2019-03-01 19:59:03,681-BasePage-INFO-星期天是学习还是休息？
2019-03-01 19:59:08,725-BasePage-INFO-find the element,successful
2019-03-01 19:59:08,815-BasePage-INFO-学习
2019-03-01 19:59:08,860-BasePage-INFO-find the element,successful
2019-03-01 19:59:08,951-BasePage-INFO-休息
2019-03-01 19:59:08,995-BasePage-INFO-find the element,successful
2019-03-01 19:59:09,108-BasePage-INFO-劳逸结合
2019-03-01 19:59:11,150-BasePage-INFO-find the element,successful
2019-03-01 19:59:11,390-BasePage-INFO-click the element发起投票
2019-03-01 19:59:31,449-BasePage-INFO-find the element,successful
2019-03-01 19:59:31,489-BasePage-INFO-find 星期天是学习还是休息？
2019-03-01 19:59:31,531-BasePage-INFO-find the element,successful
2019-03-01 19:59:31,571-BasePage-INFO-find 1.  学习
2019-03-01 19:59:31,621-BasePage-INFO-find the element,successful
2019-03-01 19:59:31,663-BasePage-INFO-find 2.  休息
2019-03-01 19:59:31,711-BasePage-INFO-find the element,successful
2019-03-01 19:59:31,752-BasePage-INFO-find 3.  劳逸结合
2019-03-01 19:59:31,797-BasePage-INFO-find the element,successful
2019-03-01 19:59:31,839-BasePage-INFO-find 0.00% (0)
2019-03-01 19:59:31,887-BasePage-INFO-find the element,successful
2019-03-01 19:59:31,934-BasePage-INFO-find 0.00% (0)
2019-03-01 19:59:31,978-BasePage-INFO-find the element,successful
2019-03-01 19:59:32,020-BasePage-INFO-find 0.00% (0)
2019-03-01 19:59:37,022-BrowserEngine-INFO-退出浏览器
2019-03-01 19:59:39,609-BrowserEngine-INFO-选择浏览器：Chrome
2019-03-01 19:59:39,609-BrowserEngine-INFO-地址：http://127.0.0.1/forum.php/
2019-03-01 19:59:46,032-BrowserEngine-INFO-打开Chrome浏览器
2019-03-01 19:59:47,524-BrowserEngine-INFO-打开网址
2019-03-01 19:59:51,074-BasePage-INFO-find the element,successful
2019-03-01 19:59:51,778-BasePage-ERROR-error:Message: stale element reference: element is not attached to the page document
  (Session info: chrome=72.0.3626.109)
  (Driver info: chromedriver=73.0.3683.20 (8e2b610813e167eee3619ac4ce6e42e3ec622017),platform=Windows NT 10.0.17134 x86_64)

2019-03-01 19:59:52,119-BasePage-INFO-success:/screenshots
2019-03-01 19:59:52,183-BasePage-INFO-find the element,successful
2019-03-01 19:59:52,390-BasePage-INFO-click the element
2019-03-01 20:00:07,478-BasePage-ERROR-<pageobject.homepage_three.Search object at 0x000001BDCC48F470>页未找到('css selector', '.pbw h3 a')元素：
2019-03-01 20:00:07,919-BasePage-INFO-success:/screenshots
2019-03-01 20:00:07,920-BasePage-ERROR-element dont find 'NoneType' object has no attribute 'text'
2019-03-01 20:00:08,230-BasePage-INFO-success:/screenshots
2019-03-01 20:00:13,231-BrowserEngine-INFO-退出浏览器
2019-03-01 20:00:15,846-BrowserEngine-INFO-选择浏览器：Chrome
2019-03-01 20:00:15,846-BrowserEngine-INFO-地址：http://127.0.0.1/forum.php/
2019-03-01 20:00:22,072-BrowserEngine-INFO-打开Chrome浏览器
2019-03-01 20:00:23,729-BrowserEngine-INFO-打开网址
2019-03-01 20:00:27,285-BasePage-INFO-find the element,successful
2019-03-01 20:00:29,207-BasePage-ERROR-error:Message: stale element reference: element is not attached to the page document
  (Session info: chrome=72.0.3626.109)
  (Driver info: chromedriver=73.0.3683.20 (8e2b610813e167eee3619ac4ce6e42e3ec622017),platform=Windows NT 10.0.17134 x86_64)

2019-03-01 20:00:29,556-BasePage-INFO-success:/screenshots
2019-03-01 20:00:29,612-BasePage-INFO-find the element,successful
2019-03-01 20:00:29,760-BasePage-INFO-click the element
2019-03-01 20:00:30,028-BasePage-INFO-find the element,successful
2019-03-01 20:00:30,742-BasePage-INFO-click the element删除
2019-03-01 20:00:30,798-BasePage-INFO-find the element,successful
2019-03-01 20:00:32,203-BasePage-ERROR-error:Message: stale element reference: element is not attached to the page document
  (Session info: chrome=72.0.3626.109)
  (Driver info: chromedriver=73.0.3683.20 (8e2b610813e167eee3619ac4ce6e42e3ec622017),platform=Windows NT 10.0.17134 x86_64)

2019-03-01 20:00:32,520-BasePage-INFO-success:/screenshots
2019-03-01 20:00:32,591-BasePage-INFO-find the element,successful
2019-03-01 20:00:32,862-BasePage-INFO-click the element管理中心
2019-03-01 20:00:38,972-BasePage-INFO-find the element,successful
2019-03-01 20:00:39,123-BasePage-INFO-click the element论坛
2019-03-01 20:00:39,683-BasePage-INFO-find the element,successful
2019-03-01 20:00:39,926-BasePage-INFO-click the element添加新版块
2019-03-01 20:00:39,973-BasePage-INFO-find the element,successful
2019-03-01 20:00:40,631-BasePage-ERROR-error:Message: stale element reference: element is not attached to the page document
  (Session info: chrome=72.0.3626.109)
  (Driver info: chromedriver=73.0.3683.20 (8e2b610813e167eee3619ac4ce6e42e3ec622017),platform=Windows NT 10.0.17134 x86_64)

2019-03-01 20:00:40,970-BasePage-INFO-success:/screenshots
2019-03-01 20:01:07,096-BasePage-ERROR-<pageobject.home_two.Delete object at 0x000001BDCC48F898>页未找到('link text', '新版块名称')元素：
2019-03-01 20:01:07,382-BasePage-INFO-success:/screenshots
2019-03-01 20:01:07,382-BasePage-ERROR-error:'NoneType' object has no attribute 'click'
2019-03-01 20:01:07,701-BasePage-INFO-success:/screenshots
2019-03-01 20:01:07,741-BasePage-INFO-find the element,successful
2019-03-01 20:01:08,046-BasePage-INFO-1111111111
2019-03-01 20:01:08,095-BasePage-INFO-find the element,successful
2019-03-01 20:01:08,547-BasePage-INFO-2222222222222222222222222
2019-03-01 20:01:08,599-BasePage-INFO-find the element,successful
2019-03-01 20:01:10,094-BasePage-ERROR-error:Message: stale element reference: element is not attached to the page document
  (Session info: chrome=72.0.3626.109)
  (Driver info: chromedriver=73.0.3683.20 (8e2b610813e167eee3619ac4ce6e42e3ec622017),platform=Windows NT 10.0.17134 x86_64)

2019-03-01 20:01:10,413-BasePage-INFO-success:/screenshots
2019-03-01 20:01:12,450-BasePage-INFO-find the element,successful
2019-03-01 20:01:12,962-BasePage-INFO-33333333333333333
2019-03-01 20:01:13,020-BasePage-INFO-find the element,successful
2019-03-01 20:01:13,669-BasePage-INFO-click the element发表回复
2019-03-01 20:01:14,200-BrowserEngine-INFO-退出浏览器
