2019-02-28 21:27:51,722-BrowserEngine-INFO-选择浏览器：Chrome
2019-02-28 21:27:51,722-BrowserEngine-INFO-地址：http://127.0.0.1/forum.php/
2019-02-28 21:27:58,601-BrowserEngine-INFO-打开Chrome浏览器
2019-02-28 21:28:00,294-BrowserEngine-INFO-打开网址
2019-02-28 21:28:06,909-BasePage-INFO-find the element,successful
2019-02-28 21:28:08,086-BasePage-ERROR-error:Message: stale element reference: element is not attached to the page document
  (Session info: chrome=72.0.3626.109)
  (Driver info: chromedriver=73.0.3683.20 (8e2b610813e167eee3619ac4ce6e42e3ec622017),platform=Windows NT 10.0.17134 x86_64)

2019-02-28 21:28:08,421-BasePage-INFO-success:/screenshots
2019-02-28 21:28:09,476-BasePage-INFO-find the element,successful
2019-02-28 21:28:10,555-BasePage-ERROR-error:Message: stale element reference: element is not attached to the page document
  (Session info: chrome=72.0.3626.109)
  (Driver info: chromedriver=73.0.3683.20 (8e2b610813e167eee3619ac4ce6e42e3ec622017),platform=Windows NT 10.0.17134 x86_64)

2019-02-28 21:28:10,928-BasePage-INFO-success:/screenshots
2019-02-28 21:28:13,972-BasePage-INFO-find the element,successful
2019-02-28 21:28:14,323-BasePage-INFO-wqqwqqqqq
2019-02-28 21:28:14,397-BasePage-INFO-find the element,successful
2019-02-28 21:28:14,661-BasePage-INFO-ggggggggggg
2019-02-28 21:28:15,712-BasePage-INFO-find the element,successful
2019-02-28 21:28:15,984-BasePage-INFO-click the element发表帖子
2019-02-28 21:28:21,044-BasePage-INFO-find the element,successful
2019-02-28 21:28:21,546-BasePage-INFO-qqqqqqqqqqqqqqqqqqqqqq
2019-02-28 21:28:21,599-BasePage-INFO-find the element,successful
2019-02-28 21:28:22,247-BasePage-INFO-click the element发表回复
2019-02-28 21:28:22,830-BrowserEngine-INFO-退出浏览器
2019-02-28 21:28:25,961-BrowserEngine-INFO-选择浏览器：Chrome
2019-02-28 21:28:25,961-BrowserEngine-INFO-地址：http://127.0.0.1/forum.php/
2019-02-28 21:28:32,829-BrowserEngine-INFO-打开Chrome浏览器
2019-02-28 21:28:34,672-BrowserEngine-INFO-打开网址
2019-02-28 21:28:38,217-BasePage-INFO-find the element,successful
2019-02-28 21:28:40,249-BasePage-ERROR-error:Message: stale element reference: element is not attached to the page document
  (Session info: chrome=72.0.3626.109)
  (Driver info: chromedriver=73.0.3683.20 (8e2b610813e167eee3619ac4ce6e42e3ec622017),platform=Windows NT 10.0.17134 x86_64)

2019-02-28 21:28:40,600-BasePage-INFO-success:/screenshots
2019-02-28 21:28:40,654-BasePage-INFO-find the element,successful
2019-02-28 21:28:40,798-BasePage-INFO-click the element
2019-02-28 21:28:41,120-BasePage-INFO-find the element,successful
2019-02-28 21:28:41,851-BasePage-INFO-click the element删除
2019-02-28 21:28:41,912-BasePage-INFO-find the element,successful
2019-02-28 21:28:43,199-BasePage-ERROR-error:Message: stale element reference: element is not attached to the page document
  (Session info: chrome=72.0.3626.109)
  (Driver info: chromedriver=73.0.3683.20 (8e2b610813e167eee3619ac4ce6e42e3ec622017),platform=Windows NT 10.0.17134 x86_64)

2019-02-28 21:28:43,584-BasePage-INFO-success:/screenshots
2019-02-28 21:28:43,670-BasePage-INFO-find the element,successful
2019-02-28 21:28:43,930-BasePage-INFO-click the element管理中心
2019-02-28 21:28:50,108-BasePage-INFO-find the element,successful
2019-02-28 21:28:50,244-BasePage-INFO-click the element论坛
2019-02-28 21:28:50,723-BasePage-INFO-find the element,successful
2019-02-28 21:28:50,952-BasePage-INFO-click the element添加新版块
2019-02-28 21:28:51,007-BasePage-INFO-find the element,successful
2019-02-28 21:28:51,554-BasePage-ERROR-error:Message: stale element reference: element is not attached to the page document
  (Session info: chrome=72.0.3626.109)
  (Driver info: chromedriver=73.0.3683.20 (8e2b610813e167eee3619ac4ce6e42e3ec622017),platform=Windows NT 10.0.17134 x86_64)

2019-02-28 21:28:51,852-BasePage-INFO-success:/screenshots
2019-02-28 21:29:17,030-BasePage-ERROR-<pageobject.home_two.Delete object at 0x000002082F3C03C8>页未找到('link text', '新版块名称')元素：
2019-02-28 21:29:17,337-BasePage-INFO-success:/screenshots
2019-02-28 21:29:17,337-BasePage-ERROR-error:'NoneType' object has no attribute 'click'
2019-02-28 21:29:17,657-BasePage-INFO-success:/screenshots
2019-02-28 21:29:17,697-BasePage-INFO-find the element,successful
2019-02-28 21:29:17,994-BasePage-INFO-1111111111
2019-02-28 21:29:18,046-BasePage-INFO-find the element,successful
2019-02-28 21:29:18,540-BasePage-INFO-2222222222222222222222222
2019-02-28 21:29:18,587-BasePage-INFO-find the element,successful
2019-02-28 21:29:26,224-BasePage-ERROR-error:Message: stale element reference: element is not attached to the page document
  (Session info: chrome=72.0.3626.109)
  (Driver info: chromedriver=73.0.3683.20 (8e2b610813e167eee3619ac4ce6e42e3ec622017),platform=Windows NT 10.0.17134 x86_64)

2019-02-28 21:29:26,541-BasePage-INFO-success:/screenshots
2019-02-28 21:29:28,579-BasePage-INFO-find the element,successful
2019-02-28 21:29:29,012-BasePage-INFO-33333333333333333
2019-02-28 21:29:29,051-BasePage-INFO-find the element,successful
2019-02-28 21:29:29,615-BasePage-INFO-click the element发表回复
2019-02-28 21:29:30,080-BrowserEngine-INFO-退出浏览器
2019-02-28 21:29:32,774-BrowserEngine-INFO-选择浏览器：Chrome
2019-02-28 21:29:32,774-BrowserEngine-INFO-地址：http://127.0.0.1/forum.php/
2019-02-28 21:29:38,963-BrowserEngine-INFO-打开Chrome浏览器
2019-02-28 21:29:40,496-BrowserEngine-INFO-打开网址
2019-02-28 21:29:44,835-BasePage-INFO-find the element,successful
2019-02-28 21:29:45,115-BasePage-INFO-haotest
2019-02-28 21:29:45,160-BasePage-INFO-find the element,successful
2019-02-28 21:29:45,419-BasePage-INFO-click the element
2019-02-28 21:29:49,516-BasePage-INFO-find the element,successful
2019-02-28 21:29:49,558-BasePage-INFO-find haotest
2019-02-28 21:29:54,986-BrowserEngine-INFO-退出浏览器
2019-02-28 21:29:57,756-BrowserEngine-INFO-选择浏览器：Chrome
2019-02-28 21:29:57,757-BrowserEngine-INFO-地址：http://127.0.0.1/forum.php/
2019-02-28 21:30:04,929-BrowserEngine-INFO-打开Chrome浏览器
2019-02-28 21:30:06,538-BrowserEngine-INFO-打开网址
2019-02-28 21:30:14,129-BasePage-INFO-find the element,successful
2019-02-28 21:30:14,761-BasePage-ERROR-error:Message: stale element reference: element is not attached to the page document
  (Session info: chrome=72.0.3626.109)
  (Driver info: chromedriver=73.0.3683.20 (8e2b610813e167eee3619ac4ce6e42e3ec622017),platform=Windows NT 10.0.17134 x86_64)

2019-02-28 21:30:15,150-BasePage-INFO-success:/screenshots
2019-02-28 21:30:20,194-BasePage-INFO-find the element,successful
2019-02-28 21:30:21,235-BasePage-ERROR-error:Message: stale element reference: element is not attached to the page document
  (Session info: chrome=72.0.3626.109)
  (Driver info: chromedriver=73.0.3683.20 (8e2b610813e167eee3619ac4ce6e42e3ec622017),platform=Windows NT 10.0.17134 x86_64)

2019-02-28 21:30:21,559-BasePage-INFO-success:/screenshots
2019-02-28 21:30:21,603-BasePage-INFO-find the element,successful
2019-02-28 21:30:22,558-BasePage-ERROR-error:Message: stale element reference: element is not attached to the page document
  (Session info: chrome=72.0.3626.109)
  (Driver info: chromedriver=73.0.3683.20 (8e2b610813e167eee3619ac4ce6e42e3ec622017),platform=Windows NT 10.0.17134 x86_64)

2019-02-28 21:30:22,838-BasePage-INFO-success:/screenshots
2019-02-28 21:30:22,881-BasePage-INFO-find the element,successful
2019-02-28 21:30:23,216-BasePage-INFO-星期天是学习还是休息？
2019-02-28 21:30:28,260-BasePage-INFO-find the element,successful
2019-02-28 21:30:28,349-BasePage-INFO-学习
2019-02-28 21:30:28,394-BasePage-INFO-find the element,successful
2019-02-28 21:30:28,480-BasePage-INFO-休息
2019-02-28 21:30:28,525-BasePage-INFO-find the element,successful
2019-02-28 21:30:28,633-BasePage-INFO-劳逸结合
2019-02-28 21:30:30,680-BasePage-INFO-find the element,successful
2019-02-28 21:30:30,924-BasePage-INFO-click the element发起投票
2019-02-28 21:30:50,969-BasePage-INFO-find the element,successful
2019-02-28 21:30:51,008-BasePage-INFO-find 星期天是学习还是休息？
2019-02-28 21:30:51,049-BasePage-INFO-find the element,successful
2019-02-28 21:30:51,087-BasePage-INFO-find 1.  学习
2019-02-28 21:30:51,129-BasePage-INFO-find the element,successful
2019-02-28 21:30:51,166-BasePage-INFO-find 2.  休息
2019-02-28 21:30:51,215-BasePage-INFO-find the element,successful
2019-02-28 21:30:51,255-BasePage-INFO-find 3.  劳逸结合
2019-02-28 21:30:51,297-BasePage-INFO-find the element,successful
2019-02-28 21:30:51,339-BasePage-INFO-find 0.00% (0)
2019-02-28 21:30:51,381-BasePage-INFO-find the element,successful
2019-02-28 21:30:51,423-BasePage-INFO-find 0.00% (0)
2019-02-28 21:30:51,467-BasePage-INFO-find the element,successful
2019-02-28 21:30:51,509-BasePage-INFO-find 0.00% (0)
2019-02-28 21:30:56,510-BrowserEngine-INFO-退出浏览器
