2019-02-28 21:40:21,390-BrowserEngine-INFO-选择浏览器：Chrome
2019-02-28 21:40:21,401-BrowserEngine-INFO-地址：http://127.0.0.1/forum.php/
2019-02-28 21:40:29,891-BrowserEngine-INFO-打开Chrome浏览器
2019-02-28 21:40:32,037-BrowserEngine-INFO-打开网址
2019-02-28 21:40:38,789-BasePage-INFO-find the element,successful
2019-02-28 21:40:39,661-BasePage-ERROR-error:Message: stale element reference: element is not attached to the page document
  (Session info: chrome=72.0.3626.109)
  (Driver info: chromedriver=73.0.3683.20 (8e2b610813e167eee3619ac4ce6e42e3ec622017),platform=Windows NT 10.0.17134 x86_64)

2019-02-28 21:40:40,105-BasePage-INFO-success:/screenshots
2019-02-28 21:40:41,160-BasePage-INFO-find the element,successful
2019-02-28 21:40:42,411-BasePage-ERROR-error:Message: stale element reference: element is not attached to the page document
  (Session info: chrome=72.0.3626.109)
  (Driver info: chromedriver=73.0.3683.20 (8e2b610813e167eee3619ac4ce6e42e3ec622017),platform=Windows NT 10.0.17134 x86_64)

2019-02-28 21:40:42,822-BasePage-INFO-success:/screenshots
2019-02-28 21:40:45,875-BasePage-INFO-find the element,successful
2019-02-28 21:40:46,215-BasePage-INFO-wqqwqqqqq
2019-02-28 21:40:46,308-BasePage-INFO-find the element,successful
2019-02-28 21:40:46,634-BasePage-INFO-ggggggggggg
2019-02-28 21:40:47,707-BasePage-INFO-find the element,successful
2019-02-28 21:40:48,002-BasePage-INFO-click the element发表帖子
2019-02-28 21:40:53,059-BasePage-INFO-find the element,successful
2019-02-28 21:40:53,594-BasePage-INFO-qqqqqqqqqqqqqqqqqqqqqq
2019-02-28 21:40:53,655-BasePage-INFO-find the element,successful
2019-02-28 21:40:54,448-BasePage-INFO-click the element发表回复
2019-02-28 21:40:55,020-BrowserEngine-INFO-退出浏览器
2019-02-28 21:40:57,764-BrowserEngine-INFO-选择浏览器：Chrome
2019-02-28 21:40:57,764-BrowserEngine-INFO-地址：http://127.0.0.1/forum.php/
2019-02-28 21:41:04,543-BrowserEngine-INFO-打开Chrome浏览器
2019-02-28 21:41:06,108-BrowserEngine-INFO-打开网址
2019-02-28 21:41:10,526-BasePage-INFO-find the element,successful
2019-02-28 21:41:11,624-BasePage-ERROR-error:Message: stale element reference: element is not attached to the page document
  (Session info: chrome=72.0.3626.109)
  (Driver info: chromedriver=73.0.3683.20 (8e2b610813e167eee3619ac4ce6e42e3ec622017),platform=Windows NT 10.0.17134 x86_64)

2019-02-28 21:41:12,004-BasePage-INFO-success:/screenshots
2019-02-28 21:41:12,050-BasePage-INFO-find the element,successful
2019-02-28 21:41:12,176-BasePage-INFO-click the element
2019-02-28 21:41:12,471-BasePage-INFO-find the element,successful
2019-02-28 21:41:13,238-BasePage-INFO-click the element删除
2019-02-28 21:41:13,296-BasePage-INFO-find the element,successful
2019-02-28 21:41:14,706-BasePage-ERROR-error:Message: stale element reference: element is not attached to the page document
  (Session info: chrome=72.0.3626.109)
  (Driver info: chromedriver=73.0.3683.20 (8e2b610813e167eee3619ac4ce6e42e3ec622017),platform=Windows NT 10.0.17134 x86_64)

2019-02-28 21:41:15,021-BasePage-INFO-success:/screenshots
2019-02-28 21:41:15,092-BasePage-INFO-find the element,successful
2019-02-28 21:41:15,376-BasePage-INFO-click the element管理中心
2019-02-28 21:41:21,493-BasePage-INFO-find the element,successful
2019-02-28 21:41:21,611-BasePage-INFO-click the element论坛
2019-02-28 21:41:22,016-BasePage-INFO-find the element,successful
2019-02-28 21:41:22,232-BasePage-INFO-click the element添加新版块
2019-02-28 21:41:22,288-BasePage-INFO-find the element,successful
2019-02-28 21:41:22,755-BasePage-ERROR-error:Message: stale element reference: element is not attached to the page document
  (Session info: chrome=72.0.3626.109)
  (Driver info: chromedriver=73.0.3683.20 (8e2b610813e167eee3619ac4ce6e42e3ec622017),platform=Windows NT 10.0.17134 x86_64)

2019-02-28 21:41:23,046-BasePage-INFO-success:/screenshots
2019-02-28 21:41:48,284-BasePage-ERROR-<pageobject.home_two.Delete object at 0x000001FB34EF4C50>页未找到('link text', '新版块名称')元素：
2019-02-28 21:41:48,569-BasePage-INFO-success:/screenshots
2019-02-28 21:41:48,569-BasePage-ERROR-error:'NoneType' object has no attribute 'click'
2019-02-28 21:41:48,879-BasePage-INFO-success:/screenshots
2019-02-28 21:41:48,919-BasePage-INFO-find the element,successful
2019-02-28 21:41:49,218-BasePage-INFO-1111111111
2019-02-28 21:41:49,266-BasePage-INFO-find the element,successful
2019-02-28 21:41:49,787-BasePage-INFO-2222222222222222222222222
2019-02-28 21:41:49,849-BasePage-INFO-find the element,successful
2019-02-28 21:41:51,997-BasePage-ERROR-error:Message: stale element reference: element is not attached to the page document
  (Session info: chrome=72.0.3626.109)
  (Driver info: chromedriver=73.0.3683.20 (8e2b610813e167eee3619ac4ce6e42e3ec622017),platform=Windows NT 10.0.17134 x86_64)

2019-02-28 21:41:52,305-BasePage-INFO-success:/screenshots
2019-02-28 21:41:54,339-BasePage-INFO-find the element,successful
2019-02-28 21:41:54,767-BasePage-INFO-33333333333333333
2019-02-28 21:41:54,811-BasePage-INFO-find the element,successful
2019-02-28 21:41:55,407-BasePage-INFO-click the element发表回复
2019-02-28 21:41:55,931-BrowserEngine-INFO-退出浏览器
2019-02-28 21:41:58,731-BrowserEngine-INFO-选择浏览器：Chrome
2019-02-28 21:41:58,731-BrowserEngine-INFO-地址：http://127.0.0.1/forum.php/
2019-02-28 21:42:05,307-BrowserEngine-INFO-打开Chrome浏览器
2019-02-28 21:42:06,820-BrowserEngine-INFO-打开网址
2019-02-28 21:42:10,417-BasePage-INFO-find the element,successful
2019-02-28 21:42:11,397-BasePage-INFO-haotest
2019-02-28 21:42:11,467-BasePage-INFO-find the element,successful
2019-02-28 21:42:11,743-BasePage-INFO-click the element
2019-02-28 21:42:15,844-BasePage-INFO-find the element,successful
2019-02-28 21:42:15,886-BasePage-INFO-find haotest
2019-02-28 21:42:21,255-BrowserEngine-INFO-退出浏览器
2019-02-28 21:42:23,967-BrowserEngine-INFO-选择浏览器：Chrome
2019-02-28 21:42:23,967-BrowserEngine-INFO-地址：http://127.0.0.1/forum.php/
2019-02-28 21:42:30,502-BrowserEngine-INFO-打开Chrome浏览器
2019-02-28 21:42:31,998-BrowserEngine-INFO-打开网址
2019-02-28 21:42:39,543-BasePage-INFO-find the element,successful
2019-02-28 21:42:40,217-BasePage-ERROR-error:Message: stale element reference: element is not attached to the page document
  (Session info: chrome=72.0.3626.109)
  (Driver info: chromedriver=73.0.3683.20 (8e2b610813e167eee3619ac4ce6e42e3ec622017),platform=Windows NT 10.0.17134 x86_64)

2019-02-28 21:42:40,555-BasePage-INFO-success:/screenshots
2019-02-28 21:42:45,597-BasePage-INFO-find the element,successful
2019-02-28 21:42:46,642-BasePage-ERROR-error:Message: stale element reference: element is not attached to the page document
  (Session info: chrome=72.0.3626.109)
  (Driver info: chromedriver=73.0.3683.20 (8e2b610813e167eee3619ac4ce6e42e3ec622017),platform=Windows NT 10.0.17134 x86_64)

2019-02-28 21:42:46,974-BasePage-INFO-success:/screenshots
2019-02-28 21:42:47,019-BasePage-INFO-find the element,successful
2019-02-28 21:42:48,162-BasePage-ERROR-error:Message: stale element reference: element is not attached to the page document
  (Session info: chrome=72.0.3626.109)
  (Driver info: chromedriver=73.0.3683.20 (8e2b610813e167eee3619ac4ce6e42e3ec622017),platform=Windows NT 10.0.17134 x86_64)

2019-02-28 21:42:48,550-BasePage-INFO-success:/screenshots
2019-02-28 21:42:48,643-BasePage-INFO-find the element,successful
2019-02-28 21:42:49,083-BasePage-INFO-星期天是学习还是休息？
2019-02-28 21:42:54,129-BasePage-INFO-find the element,successful
2019-02-28 21:42:54,219-BasePage-INFO-学习
2019-02-28 21:42:54,263-BasePage-INFO-find the element,successful
2019-02-28 21:42:54,356-BasePage-INFO-休息
2019-02-28 21:42:54,401-BasePage-INFO-find the element,successful
2019-02-28 21:42:54,511-BasePage-INFO-劳逸结合
2019-02-28 21:42:56,564-BasePage-INFO-find the element,successful
2019-02-28 21:42:56,817-BasePage-INFO-click the element发起投票
2019-02-28 21:43:16,866-BasePage-INFO-find the element,successful
2019-02-28 21:43:16,908-BasePage-INFO-find 星期天是学习还是休息？
2019-02-28 21:43:16,952-BasePage-INFO-find the element,successful
2019-02-28 21:43:16,995-BasePage-INFO-find 1.  学习
2019-02-28 21:43:17,045-BasePage-INFO-find the element,successful
2019-02-28 21:43:17,089-BasePage-INFO-find 2.  休息
2019-02-28 21:43:17,136-BasePage-INFO-find the element,successful
2019-02-28 21:43:17,180-BasePage-INFO-find 3.  劳逸结合
2019-02-28 21:43:17,227-BasePage-INFO-find the element,successful
2019-02-28 21:43:17,275-BasePage-INFO-find 0.00% (0)
2019-02-28 21:43:17,323-BasePage-INFO-find the element,successful
2019-02-28 21:43:17,369-BasePage-INFO-find 0.00% (0)
2019-02-28 21:43:17,416-BasePage-INFO-find the element,successful
2019-02-28 21:43:17,460-BasePage-INFO-find 0.00% (0)
2019-02-28 21:43:22,461-BrowserEngine-INFO-退出浏览器
