2019-02-28 21:25:47,115-BrowserEngine-INFO-选择浏览器：Chrome
2019-02-28 21:25:47,116-BrowserEngine-INFO-地址：http://127.0.0.1/forum.php/
2019-02-28 21:25:54,605-BrowserEngine-INFO-打开Chrome浏览器
2019-02-28 21:25:56,241-BrowserEngine-INFO-打开网址
2019-02-28 21:26:02,885-BasePage-INFO-find the element,successful
2019-02-28 21:26:03,820-BasePage-ERROR-error:Message: stale element reference: element is not attached to the page document
  (Session info: chrome=72.0.3626.109)
  (Driver info: chromedriver=73.0.3683.20 (8e2b610813e167eee3619ac4ce6e42e3ec622017),platform=Windows NT 10.0.17134 x86_64)

2019-02-28 21:26:04,266-BasePage-INFO-success:/screenshots
2019-02-28 21:26:05,318-BasePage-INFO-find the element,successful
2019-02-28 21:26:06,295-BasePage-ERROR-error:Message: stale element reference: element is not attached to the page document
  (Session info: chrome=72.0.3626.109)
  (Driver info: chromedriver=73.0.3683.20 (8e2b610813e167eee3619ac4ce6e42e3ec622017),platform=Windows NT 10.0.17134 x86_64)

2019-02-28 21:26:06,711-BasePage-INFO-success:/screenshots
2019-02-28 21:26:09,756-BasePage-INFO-find the element,successful
2019-02-28 21:26:10,143-BasePage-INFO-wqqwqqqqq
2019-02-28 21:26:10,223-BasePage-INFO-find the element,successful
2019-02-28 21:26:10,540-BasePage-INFO-ggggggggggg
2019-02-28 21:26:11,594-BasePage-INFO-find the element,successful
2019-02-28 21:26:11,854-BasePage-INFO-click the element发表帖子
2019-02-28 21:26:16,906-BasePage-INFO-find the element,successful
2019-02-28 21:26:17,450-BasePage-INFO-qqqqqqqqqqqqqqqqqqqqqq
2019-02-28 21:26:17,506-BasePage-INFO-find the element,successful
2019-02-28 21:26:18,199-BasePage-INFO-click the element发表回复
2019-02-28 21:26:18,749-BrowserEngine-INFO-退出浏览器
