2019-02-28 21:44:15,347-BrowserEngine-INFO-选择浏览器：Chrome
2019-02-28 21:44:15,348-BrowserEngine-INFO-地址：http://127.0.0.1/forum.php/
2019-02-28 21:44:21,594-BrowserEngine-INFO-打开Chrome浏览器
2019-02-28 21:44:22,375-BrowserEngine-INFO-打开网址
2019-02-28 21:44:49,226-BrowserEngine-INFO-选择浏览器：Chrome
2019-02-28 21:44:49,226-BrowserEngine-INFO-地址：http://127.0.0.1/forum.php/
2019-02-28 21:44:55,882-BrowserEngine-INFO-打开Chrome浏览器
2019-02-28 21:44:58,693-BrowserEngine-INFO-打开网址
2019-02-28 21:45:05,281-BasePage-INFO-find the element,successful
2019-02-28 21:45:06,249-BasePage-ERROR-error:Message: stale element reference: element is not attached to the page document
  (Session info: chrome=72.0.3626.109)
  (Driver info: chromedriver=73.0.3683.20 (8e2b610813e167eee3619ac4ce6e42e3ec622017),platform=Windows NT 10.0.17134 x86_64)

2019-02-28 21:45:06,568-BasePage-INFO-success:/screenshots
2019-02-28 21:45:07,621-BasePage-INFO-find the element,successful
2019-02-28 21:45:08,803-BasePage-ERROR-error:Message: stale element reference: element is not attached to the page document
  (Session info: chrome=72.0.3626.109)
  (Driver info: chromedriver=73.0.3683.20 (8e2b610813e167eee3619ac4ce6e42e3ec622017),platform=Windows NT 10.0.17134 x86_64)

2019-02-28 21:45:09,270-BasePage-INFO-success:/screenshots
2019-02-28 21:45:12,319-BasePage-INFO-find the element,successful
2019-02-28 21:45:12,659-BasePage-INFO-wqqwqqqqq
2019-02-28 21:45:12,728-BasePage-INFO-find the element,successful
2019-02-28 21:45:12,985-BasePage-INFO-ggggggggggg
2019-02-28 21:45:14,044-BasePage-INFO-find the element,successful
2019-02-28 21:45:14,315-BasePage-INFO-click the element发表帖子
2019-02-28 21:45:21,854-BasePage-INFO-find the element,successful
2019-02-28 21:45:22,422-BasePage-INFO-qqqqqqqqqqqqqqqqqqqqqq
2019-02-28 21:45:22,478-BasePage-INFO-find the element,successful
2019-02-28 21:45:23,085-BasePage-INFO-click the element发表回复
2019-02-28 21:45:23,678-BrowserEngine-INFO-退出浏览器
