2019-02-28 21:24:20,548-BrowserEngine-INFO-选择浏览器：Chrome
2019-02-28 21:24:20,548-BrowserEngine-INFO-地址：http://127.0.0.1/forum.php/
2019-02-28 21:24:29,859-BrowserEngine-INFO-打开Chrome浏览器
2019-02-28 21:24:31,437-BrowserEngine-INFO-打开网址
2019-02-28 21:24:37,849-BasePage-INFO-find the element,successful
2019-02-28 21:24:38,729-BasePage-ERROR-error:Message: stale element reference: element is not attached to the page document
  (Session info: chrome=72.0.3626.109)
  (Driver info: chromedriver=73.0.3683.20 (8e2b610813e167eee3619ac4ce6e42e3ec622017),platform=Windows NT 10.0.17134 x86_64)

2019-02-28 21:24:39,207-BasePage-INFO-success:/screenshots
2019-02-28 21:24:40,281-BasePage-INFO-find the element,successful
2019-02-28 21:24:41,384-BasePage-ERROR-error:Message: stale element reference: element is not attached to the page document
  (Session info: chrome=72.0.3626.109)
  (Driver info: chromedriver=73.0.3683.20 (8e2b610813e167eee3619ac4ce6e42e3ec622017),platform=Windows NT 10.0.17134 x86_64)

2019-02-28 21:24:41,804-BasePage-INFO-success:/screenshots
2019-02-28 21:24:44,850-BasePage-INFO-find the element,successful
2019-02-28 21:24:45,227-BasePage-INFO-wqqwqqqqq
2019-02-28 21:24:45,303-BasePage-INFO-find the element,successful
2019-02-28 21:24:45,521-BasePage-INFO-ggggggggggg
2019-02-28 21:24:46,585-BasePage-INFO-find the element,successful
2019-02-28 21:24:46,861-BasePage-INFO-click the element发表帖子
2019-02-28 21:24:52,016-BasePage-INFO-find the element,successful
2019-02-28 21:24:52,538-BasePage-INFO-qqqqqqqqqqqqqqqqqqqqqq
2019-02-28 21:24:52,599-BasePage-INFO-find the element,successful
2019-02-28 21:24:53,656-BasePage-INFO-click the element发表回复
2019-02-28 21:24:54,590-BrowserEngine-INFO-退出浏览器
